<?xml version="1.0" encoding="UTF-8"?>
<!-- Generated by org.testng.reporters.JUnitReportReporter -->
<testsuite skipped="0" hostname="DESKTOP-E7V4084" name="com.demo.mediware_casuality.Casuality_check" tests="3" failures="0" timestamp="04 Jul 2019 11:34:01 GMT" time="46.637" errors="0">
  <testcase name="login_med" time="0.303" classname="com.demo.mediware_casuality.Casuality_check"/>
  <testcase name="application_sel" time="17.389" classname="com.demo.mediware_casuality.Casuality_check"/>
  <testcase name="register" time="28.945" classname="com.demo.mediware_casuality.Casuality_check"/>
</testsuite> <!-- com.demo.mediware_casuality.Casuality_check -->
