<?xml version="1.0" encoding="UTF-8"?>
<!-- Generated by org.testng.reporters.JUnitReportReporter -->
<testsuite skipped="0" hostname="DESKTOP-E7V4084" name="com.demo.mediware_casuality.Main" tests="1" failures="0" timestamp="05 Jul 2019 09:59:26 GMT" time="50.581" errors="0">
  <testcase name="run" time="50.581" classname="com.demo.mediware_casuality.Main"/>
</testsuite> <!-- com.demo.mediware_casuality.Main -->
