<?xml version="1.0" encoding="UTF-8"?>
<!-- Generated by org.testng.reporters.JUnitReportReporter -->
<testsuite skipped="0" hostname="DESKTOP-E7V4084" name="com.demo.Maven.Signuptest" tests="1" failures="0" timestamp="02 Jul 2019 09:00:42 GMT" time="18.142" errors="0">
  <testcase name="values_enter" time="18.142" classname="com.demo.Maven.Signuptest"/>
</testsuite> <!-- com.demo.Maven.Signuptest -->
