<?xml version="1.0" encoding="UTF-8"?>
<!-- Generated by org.testng.reporters.JUnitReportReporter -->
<testsuite hostname="DESKTOP-QFL5U72" failures="0" tests="8" name="test.TestScripts" time="72.574" errors="0" timestamp="13 Aug 2019 09:08:16 GMT" skipped="0">
  <testcase classname="test.TestScripts" name="TC_007" time="2.790"/>
  <testcase classname="test.TestScripts" name="TC_010" time="15.276"/>
  <testcase classname="test.TestScripts" name="TC_002" time="16.614"/>
  <testcase classname="test.TestScripts" name="TC_005" time="5.477"/>
  <testcase classname="test.TestScripts" name="TC_003" time="9.956"/>
  <testcase classname="test.TestScripts" name="TC_008" time="4.695"/>
  <testcase classname="test.TestScripts" name="TC_009" time="6.435"/>
  <testcase classname="test.TestScripts" name="TC_001" time="11.331"/>
</testsuite> <!-- test.TestScripts -->
