<?xml version="1.0" encoding="UTF-8"?>
<!-- Generated by org.testng.reporters.JUnitReportReporter -->
<testsuite hostname="DESKTOP-TQ97EI8" failures="0" tests="2" name="com.mediware.Mediware.Registration" time="53.420" errors="0" timestamp="26 Jul 2019 09:30:43 GMT" skipped="0">
  <testcase classname="com.mediware.Mediware.Registration" name="areg" time="34.898"/>
  <testcase classname="com.mediware.Mediware.Registration" name="bforeign" time="18.522"/>
</testsuite> <!-- com.mediware.Mediware.Registration -->
