<?xml version="1.0" encoding="UTF-8"?>
<!-- Generated by org.testng.reporters.JUnitReportReporter -->
<testsuite hostname="DESKTOP-TQ97EI8" failures="0" tests="4" name="com.mediware.Mediware.VitalDetails" time="17.938" errors="0" timestamp="26 Jul 2019 09:30:43 GMT" skipped="0">
  <testcase classname="com.mediware.Mediware.VitalDetails" name="c_enterDetails" time="4.610"/>
  <testcase classname="com.mediware.Mediware.VitalDetails" name="vitalsEntry" time="4.250"/>
  <testcase classname="com.mediware.Mediware.VitalDetails" name="bvitalClick" time="3.842"/>
  <testcase classname="com.mediware.Mediware.VitalDetails" name="apatientSelect" time="5.236"/>
</testsuite> <!-- com.mediware.Mediware.VitalDetails -->
