<?xml version="1.0" encoding="UTF-8"?>
<!-- Generated by org.testng.reporters.JUnitReportReporter -->
<testsuite hostname="DESKTOP-TQ97EI8" failures="0" tests="1" name="com.mediware.Mediware.PerformEmr" time="37.486" errors="0" timestamp="26 Jul 2019 09:30:43 GMT" skipped="0">
  <testcase classname="com.mediware.Mediware.PerformEmr" name="doctorSelect" time="37.486"/>
</testsuite> <!-- com.mediware.Mediware.PerformEmr -->
